<?xml version="1.0" encoding="UTF-8"?>
<testng-results ignored="0" total="1" passed="1" failed="0" skipped="0">
  <reporter-output>
  </reporter-output>
  <suite started-at="2024-10-06T19:57:49 CDT" name="Default suite" finished-at="2024-10-06T19:58:02 CDT" duration-ms="13310">
    <groups>
    </groups>
    <test started-at="2024-10-06T19:57:49 CDT" name="Default test" finished-at="2024-10-06T19:58:02 CDT" duration-ms="13310">
      <class name="rivision.Rivision_2">
        <test-method is-config="true" signature="config()[pri:0, instance:rivision.Rivision_2@235ecd9f]" started-at="2024-10-06T19:57:49 CDT" name="config" finished-at="2024-10-06T19:57:49 CDT" duration-ms="42" status="PASS">
          <reporter-output>
          </reporter-output>
        </test-method> <!-- config -->
        <test-method is-config="true" signature="init()[pri:0, instance:rivision.Rivision_2@235ecd9f]" started-at="2024-10-06T19:57:49 CDT" name="init" finished-at="2024-10-06T19:57:57 CDT" duration-ms="7992" status="PASS">
          <reporter-output>
          </reporter-output>
        </test-method> <!-- init -->
        <test-method signature="WindowHandel()[pri:0, instance:rivision.Rivision_2@235ecd9f]" started-at="2024-10-06T19:57:57 CDT" name="WindowHandel" finished-at="2024-10-06T19:58:02 CDT" duration-ms="5178" status="PASS">
          <reporter-output>
          </reporter-output>
        </test-method> <!-- WindowHandel -->
      </class> <!-- rivision.Rivision_2 -->
    </test> <!-- Default test -->
  </suite> <!-- Default suite -->
</testng-results>
